<?xml version="1.0" encoding="UTF-8"?>
<!-- Generated by org.testng.reporters.JUnitReportReporter -->
<testsuite hostname="Saranyas-MacBook-Pro.local" failures="0" tests="4" name="LibraryApiAssignmentTest" time="8.344" errors="0" timestamp="2021-03-19T06:32:40 IST" skipped="0">
  <testcase classname="LibraryApiAssignmentTest" name="verifyAddBook" time="1.984"/>
  <system-out/>
  <testcase classname="LibraryApiAssignmentTest" name="verifyDelete" time="2.382"/>
  <system-out/>
  <testcase classname="LibraryApiAssignmentTest" name="verifyAddBook" time="0.426"/>
  <system-out/>
  <testcase classname="LibraryApiAssignmentTest" name="verifyBookByAuthorName" time="3.552"/>
  <system-out/>
</testsuite> <!-- LibraryApiAssignmentTest -->
