<?xml version="1.0" encoding="UTF-8"?>
<!-- Generated by org.testng.reporters.JUnitReportReporter -->
<testsuite hostname="Saranyas-MacBook-Pro.local" failures="0" tests="4" name="LibraryApiAssignmentTest" time="7.504" errors="0" timestamp="2021-03-19T06:14:24 IST" skipped="0">
  <testcase classname="LibraryApiAssignmentTest" name="verifyAddBook" time="2.402"/>
  <system-out/>
  <testcase classname="LibraryApiAssignmentTest" name="verifyDelete" time="2.080"/>
  <system-out/>
  <testcase classname="LibraryApiAssignmentTest" name="verifyBookByAuthorName" time="2.597"/>
  <system-out/>
  <testcase classname="LibraryApiAssignmentTest" name="verifyAddBook" time="0.425"/>
  <system-out/>
</testsuite> <!-- LibraryApiAssignmentTest -->
