<?xml version="1.0" encoding="UTF-8"?>
<!-- Generated by org.testng.reporters.JUnitReportReporter -->
<testsuite hostname="Saranyas-MacBook-Pro.local" failures="0" tests="4" name="LibraryApiAssignmentTest" time="7.714" errors="0" timestamp="2021-03-18T12:52:16 IST" skipped="0">
  <testcase classname="LibraryApiAssignmentTest" name="verifyBookByAuthorName" time="2.625"/>
  <system-out/>
  <testcase classname="LibraryApiAssignmentTest" name="verifyAddBook" time="2.548"/>
  <system-out/>
  <testcase classname="LibraryApiAssignmentTest" name="verifyDelete" time="2.109"/>
  <system-out/>
  <testcase classname="LibraryApiAssignmentTest" name="verifyAddBook" time="0.432"/>
  <system-out/>
</testsuite> <!-- LibraryApiAssignmentTest -->
