<?xml version="1.0" encoding="UTF-8"?>
<!-- Generated by org.testng.reporters.JUnitReportReporter -->
<testsuite hostname="Saranyas-MacBook-Pro.local" failures="0" tests="4" name="LibraryApiAssignmentTest" time="7.904" errors="0" timestamp="2021-03-15T07:18:38 IST" skipped="0">
  <testcase classname="LibraryApiAssignmentTest" name="verifyDelete" time="2.128"/>
  <system-out/>
  <testcase classname="LibraryApiAssignmentTest" name="verifyAddBook" time="2.683"/>
  <system-out/>
  <testcase classname="LibraryApiAssignmentTest" name="verifyBookByAuthorName" time="2.661"/>
  <system-out/>
  <testcase classname="LibraryApiAssignmentTest" name="verifyAddBook" time="0.432"/>
  <system-out/>
</testsuite> <!-- LibraryApiAssignmentTest -->
